slug:0, run:3136, Production, slow_tree:IN mismatches RCDB:OUT
slug:0, run:3146, Production, slow_tree:IN mismatches RCDB:OUT
slug:0, run:3290, Production, slow_tree:Indetermine mismatches RCDB:OUT
slug:0, run:3290, Production, slow_tree:Indetermine mismatches RCDB:FLIP-RIGHT
slug:0, run:3290, Production, slow_tree:Indetermine mismatches RCDB:OUT
slug:0, run:3290, Production, slow_tree:Indetermine mismatches RCDB:FLIP-RIGHT
slug:0, run:3290, Production, slow_tree:Indetermine mismatches RCDB:OUT
slug:0, run:3290, Production, slow_tree:Indetermine mismatches RCDB:FLIP-RIGHT
slug:0, run:3290, Production, slow_tree:Indetermine mismatches RCDB:OUT
slug:0, run:3290, Production, slow_tree:Indetermine mismatches RCDB:FLIP-RIGHT
slug:0, run:3290, Production, slow_tree:Indetermine mismatches RCDB:OUT
slug:0, run:3290, Production, slow_tree:Indetermine mismatches RCDB:FLIP-RIGHT
slug:0, run:3290, Production, slow_tree:Indetermine mismatches RCDB:OUT
slug:0, run:3290, Production, slow_tree:Indetermine mismatches RCDB:FLIP-RIGHT
slug:0, run:3290, Production, slow_tree:Indetermine mismatches RCDB:OUT
slug:0, run:3290, Production, slow_tree:Indetermine mismatches RCDB:FLIP-RIGHT
slug:0, run:3290, Production, slow_tree:Indetermine mismatches RCDB:OUT
slug:0, run:3290, Production, slow_tree:Indetermine mismatches RCDB:FLIP-RIGHT
slug:0, run:3290, Production, slow_tree:Indetermine mismatches RCDB:OUT
slug:0, run:3290, Production, slow_tree:Indetermine mismatches RCDB:FLIP-RIGHT
slug:0, run:3290, Production, slow_tree:Indetermine mismatches RCDB:OUT
slug:0, run:3290, Production, slow_tree:Indetermine mismatches RCDB:FLIP-RIGHT
slug:0, run:3290, Production, slow_tree:Indetermine mismatches RCDB:OUT
slug:0, run:3290, Production, slow_tree:Indetermine mismatches RCDB:FLIP-RIGHT
slug:0, run:3290, Production, slow_tree:Indetermine mismatches RCDB:OUT
slug:0, run:3290, Production, slow_tree:Indetermine mismatches RCDB:FLIP-RIGHT
slug:0, run:3290, Production, slow_tree:Indetermine mismatches RCDB:OUT
slug:0, run:3290, Production, slow_tree:Indetermine mismatches RCDB:FLIP-RIGHT
slug:0, run:3290, Production, slow_tree:Indetermine mismatches RCDB:OUT
slug:0, run:3290, Production, slow_tree:Indetermine mismatches RCDB:FLIP-RIGHT
slug:0, run:3290, Production, slow_tree:Indetermine mismatches RCDB:OUT
slug:0, run:3290, Production, slow_tree:Indetermine mismatches RCDB:FLIP-RIGHT
slug:0, run:3290, Production, slow_tree:Indetermine mismatches RCDB:OUT
slug:0, run:3290, Production, slow_tree:Indetermine mismatches RCDB:FLIP-RIGHT
slug:0, run:3290, Production, slow_tree:Indetermine mismatches RCDB:OUT
slug:0, run:3290, Production, slow_tree:Indetermine mismatches RCDB:FLIP-RIGHT
slug:0, run:3290, Production, slow_tree:Indetermine mismatches RCDB:OUT
slug:0, run:3290, Production, slow_tree:Indetermine mismatches RCDB:FLIP-RIGHT
slug:0, run:3290, Production, slow_tree:Indetermine mismatches RCDB:OUT
slug:0, run:3290, Production, slow_tree:Indetermine mismatches RCDB:FLIP-RIGHT
slug:0, run:3290, Production, slow_tree:Indetermine mismatches RCDB:OUT
slug:0, run:3290, Production, slow_tree:Indetermine mismatches RCDB:FLIP-RIGHT
slug:0, run:3290, Production, slow_tree:Indetermine mismatches RCDB:OUT
slug:0, run:3290, Production, slow_tree:Indetermine mismatches RCDB:FLIP-RIGHT
slug:0, run:3290, Production, slow_tree:Indetermine mismatches RCDB:OUT
slug:0, run:3290, Production, slow_tree:Indetermine mismatches RCDB:FLIP-RIGHT
slug:0, run:3290, Production, slow_tree:Indetermine mismatches RCDB:OUT
slug:0, run:3290, Production, slow_tree:Indetermine mismatches RCDB:FLIP-RIGHT
slug:0, run:3290, Production, slow_tree:Indetermine mismatches RCDB:OUT
slug:0, run:3290, Production, slow_tree:Indetermine mismatches RCDB:FLIP-RIGHT
slug:0, run:3290, Production, slow_tree:Indetermine mismatches RCDB:OUT
slug:0, run:3290, Production, slow_tree:Indetermine mismatches RCDB:FLIP-RIGHT
slug:0, run:3290, Production, slow_tree:Indetermine mismatches RCDB:OUT
slug:0, run:3290, Production, slow_tree:Indetermine mismatches RCDB:FLIP-RIGHT
slug:0, run:3290, Production, slow_tree:Indetermine mismatches RCDB:OUT
slug:0, run:3290, Production, slow_tree:Indetermine mismatches RCDB:FLIP-RIGHT
slug:0, run:3290, Production, slow_tree:Indetermine mismatches RCDB:OUT
slug:0, run:3290, Production, slow_tree:Indetermine mismatches RCDB:FLIP-RIGHT
slug:0, run:3290, Production, slow_tree:Indetermine mismatches RCDB:OUT
slug:0, run:3290, Production, slow_tree:Indetermine mismatches RCDB:FLIP-RIGHT
slug:0, run:3290, Production, slow_tree:Indetermine mismatches RCDB:OUT
slug:0, run:3290, Production, slow_tree:Indetermine mismatches RCDB:FLIP-RIGHT
slug:0, run:3290, Production, slow_tree:Indetermine mismatches RCDB:OUT
slug:0, run:3290, Production, slow_tree:Indetermine mismatches RCDB:OUT
slug:1, run:3305, Production, slow_tree:Horizontal Transverse mismatches RCDB:FLIP-RIGHT
slug:1, run:3305, Production, slow_tree:Horizontal Transverse mismatches RCDB:FLIP-RIGHT
slug:1, run:3307, Production, slow_tree:Indetermine mismatches RCDB:OUT
slug:1, run:3307, Production, slow_tree:Indetermine mismatches RCDB:FLIP-RIGHT
slug:1, run:3307, Production, slow_tree:Indetermine mismatches RCDB:OUT
slug:1, run:3307, Production, slow_tree:Indetermine mismatches RCDB:FLIP-RIGHT
slug:1, run:3307, Production, slow_tree:Indetermine mismatches RCDB:OUT
slug:1, run:3307, Production, slow_tree:Indetermine mismatches RCDB:FLIP-RIGHT
slug:1, run:3307, Production, slow_tree:Indetermine mismatches RCDB:OUT
slug:1, run:3307, Production, slow_tree:Indetermine mismatches RCDB:FLIP-RIGHT
slug:1, run:3307, Production, slow_tree:Indetermine mismatches RCDB:OUT
slug:1, run:3307, Production, slow_tree:Indetermine mismatches RCDB:OUT
slug:1, run:3308, Production, slow_tree:Indetermine mismatches RCDB:OUT
slug:1, run:3308, Production, slow_tree:Indetermine mismatches RCDB:FLIP-RIGHT
slug:1, run:3308, Production, slow_tree:Indetermine mismatches RCDB:OUT
slug:1, run:3308, Production, slow_tree:Indetermine mismatches RCDB:FLIP-RIGHT
slug:1, run:3310, Production, slow_tree:Indetermine mismatches RCDB:OUT
slug:1, run:3310, Production, slow_tree:Indetermine mismatches RCDB:FLIP-RIGHT
slug:8, run:3489, Production, slow_tree:Indetermine mismatches RCDB:IN
slug:11, run:3566, Production, slow_tree:Indetermine mismatches RCDB:OUT
slug:14, run:3651, Production, slow_tree:Indetermine mismatches RCDB:IN
slug:14, run:3652, Production, slow_tree:Indetermine mismatches RCDB:IN
slug:15, run:3675, Production, slow_tree:IN mismatches RCDB:OUT
slug:24, run:3778, Production, slow_tree:Indetermine mismatches RCDB:OUT
slug:28, run:3826, Production, slow_tree:Indetermine mismatches RCDB:OUT
slug:52, run:4284, Production, slow_tree:Indetermine mismatches RCDB:OUT
slug:62, run:4499, Production, slow_tree:Indetermine mismatches RCDB:IN
slug:70, run:4595, Production, slow_tree:OUT mismatches RCDB:IN
slug:76, run:4725, Production, slow_tree:Indetermine mismatches RCDB:IN
slug:79, run:4760, Production, slow_tree:Indetermine mismatches RCDB:OUT
slug:79, run:4764, Production, slow_tree:Indetermine mismatches RCDB:OUT
slug:83, run:4821, Production, slow_tree:Indetermine mismatches RCDB:OUT
slug:84, run:4827, Production, slow_tree:Indetermine mismatches RCDB:IN
slug:85, run:4847, Production, slow_tree:IN mismatches RCDB:OUT
slug:85, run:4847, Production, slow_tree:IN mismatches RCDB:OUT
slug:85, run:4847, Production, slow_tree:IN mismatches RCDB:OUT
slug:86, run:4849, Production, slow_tree:Indetermine mismatches RCDB:IN
slug:86, run:4849, Production, slow_tree:Indetermine mismatches RCDB:IN
slug:87, run:4868, Production, slow_tree:Indetermine mismatches RCDB:OUT
slug:88, run:4878, Production, slow_tree:Indetermine mismatches RCDB:OUT
slug:89, run:4882, Production, slow_tree:Indetermine mismatches RCDB:IN
slug:90, run:4897, Production, slow_tree:Indetermine mismatches RCDB:OUT
slug:91, run:4916, Production, slow_tree:Indetermine mismatches RCDB:IN
slug:94, run:4978, Production, slow_tree:Indetermine mismatches RCDB:OUT
